GoodImages/Faces\IMG_20170404_114146_026_token.jpg GoodImages/Faces\IMG_20170404_114146_026_barcode.dat https://71vnavytwf.execute-api.us-east-1.amazonaws.com/prod 
GoodImages/Faces\IMG_20170404_114146_026_token.jpg GoodImages/Faces\IMG_20170404_114146_026_barcode.dat https://71vnavytwf.execute-api.us-east-1.amazonaws.com/prod 
GoodImages/Faces\IMG_20170404_114146_026_token.jpg GoodImages/Faces\IMG_20170404_114146_026_barcode.dat https://71vnavytwf.execute-api.us-east-1.amazonaws.com/prod 
GoodImages/Faces\IMG_20170404_114146_026_token.jpg GoodImages/Faces\IMG_20170404_114146_026_barcode.dat https://71vnavytwf.execute-api.us-east-1.amazonaws.com/prod 
1:  2:  iw: 2
GoodImages/Faces\IMG_20170404_114146_026_token.jpg GoodImages/Faces\IMG_20170404_114146_026_barcode.dat https://71vnavytwf.execute-api.us-east-1.amazonaws.com/prod 
1:  2: EM59H7G iw: 2
GoodImages/Faces\IMG_20170404_114146_026_token.jpg GoodImages/Faces\IMG_20170404_114146_026_barcode.dat https://71vnavytwf.execute-api.us-east-1.amazonaws.com/prod 
1: EM59H7G 2: COSORDUA iw: 2
Sending Code: UA Dep: COS Flight: UA6866
Result: lambdaTotalTime = 5.146232187
Result: errorMessage = Dataset not found.
GoodImages/Faces\IMG_20170404_121728_157_token.jpg GoodImages/Faces\IMG_20170404_121728_157_barcode.dat https://71vnavytwf.execute-api.us-east-1.amazonaws.com/prod 
1: EM59H7G 2: COSORDUA iw: 2
Sending Code: UA Dep: COS Flight: UA6866
Result: lambdaTotalTime = 0.682074268
Result: errorMessage = Dataset not found.
GoodImages/Faces\IMG_20170404_114146_026_token.jpg GoodImages/Faces\IMG_20170404_114146_026_barcode.dat https://71vnavytwf.execute-api.us-east-1.amazonaws.com/prod 
Sending Code: UA Dep: COS Flight: 6866
Result: lambdaTotalTime = 0.381673924
Result: errorMessage = Dataset not found.
GoodImages/Faces\IMG_20170404_114146_026_token.jpg GoodImages/Faces\IMG_20170404_114146_026_barcode.dat https://71vnavytwf.execute-api.us-east-1.amazonaws.com/prod 
Sending Code: UA Dep: COS Flight: 6866
Result: lambdaTotalTime = 0.508682888
Result: errorMessage = Dataset not found.
GoodImages/Faces\IMG_20170404_122434_705_token.jpg GoodImages/Faces\IMG_20170404_122434_705_barcode.dat https://71vnavytwf.execute-api.us-east-1.amazonaws.com/prod 
Sending Code: UA Dep: COS Flight: 6866
Result: lambdaTotalTime = 0.282709477
Result: errorMessage = Dataset not found.
GoodImages/Faces\IMG_20170404_123337_794_token.jpg GoodImages/Faces\IMG_20170404_123337_794_barcode.dat https://71vnavytwf.execute-api.us-east-1.amazonaws.com/prod 
Sending Code: UA Dep: COS Flight: 6866
Result: lambdaTotalTime = 0.224968973
Result: errorMessage = Dataset not found.
GoodImages/Faces\IMG_20170404_123916_462_token.jpg GoodImages/Faces\IMG_20170404_123916_462_barcode.dat https://71vnavytwf.execute-api.us-east-1.amazonaws.com/prod 
Sending Code: UA Dep: COS Flight: 6866
Result: lambdaTotalTime = 0.240795208
Result: errorMessage = Dataset not found.
GoodImages/Faces\IMG_20170404_123931_474_token.jpg GoodImages/Faces\IMG_20170404_123931_474_barcode.dat https://71vnavytwf.execute-api.us-east-1.amazonaws.com/prod 
Sending Code: DL Dep: ATL Flight: 0254
Result: lambdaTotalTime = 1.143145771
Result: errorMessage = Dataset not found.
GoodImages/Faces\IMG_20170404_124015_802_token.jpg GoodImages/Faces\IMG_20170404_124015_802_barcode.dat https://71vnavytwf.execute-api.us-east-1.amazonaws.com/prod 
Sending Code: DL Dep: ATL Flight: 0254
Result: lambdaTotalTime = 0.450356124
Result: errorMessage = Dataset not found.
GoodImages/Faces\IMG_20170404_124227_002_token.jpg GoodImages/Faces\IMG_20170404_124227_002_barcode.dat https://71vnavytwf.execute-api.us-east-1.amazonaws.com/prod 
Sending Code: DL Dep: ATL Flight: 0254
Result: lambdaTotalTime = 0.496843813
Result: errorMessage = Dataset not found.
GoodImages/Faces\IMG_20170405_85917_500_token.jpg GoodImages/Faces\IMG_20170405_85917_500_barcode.dat https://71vnavytwf.execute-api.us-east-1.amazonaws.com/prod 
GoodImages/Faces\IMG_20170405_90126_484_token.jpg GoodImages/Faces\IMG_20170405_90126_484_barcode.dat https://71vnavytwf.execute-api.us-east-1.amazonaws.com/prod 
Sending Code: KL Dep: AMS Flight: 1591
Result: lambdaTotalTime = 4.427264824
Result: errorMessage = Dataset not found.
GoodImages/Faces\IMG_20170405_90152_442_token.jpg GoodImages/Faces\IMG_20170405_90152_442_barcode.dat https://71vnavytwf.execute-api.us-east-1.amazonaws.com/prod 
Sending Code: KL Dep: AMS Flight: 1591
Result: lambdaTotalTime = 0.256481062
Result: errorMessage = Dataset not found.
GoodImages/Faces\IMG_20170405_90704_357_token.jpg GoodImages/Faces\IMG_20170405_90704_357_barcode.dat https://71vnavytwf.execute-api.us-east-1.amazonaws.com/prod 
Sending Code: DL Dep: ATL Flight: 0254
Result: lambdaTotalTime = 0.681870761
Result: errorMessage = Dataset not found.
GoodImages/Faces\IMG_20170405_90722_824_token.jpg GoodImages/Faces\IMG_20170405_90722_824_barcode.dat https://71vnavytwf.execute-api.us-east-1.amazonaws.com/prod 
Sending Code: DL Dep: ATL Flight: 0254
Result: lambdaTotalTime = 0.203031881
Result: errorMessage = Dataset not found.
GoodImages/Faces\IMG_20170405_151019_370_token.jpg GoodImages/Faces\IMG_20170405_151019_370_barcode.dat https://71vnavytwf.execute-api.us-east-1.amazonaws.com/prod 
Sending Code: RD Dep: ATL Flight: 094C003A0005
Result: lambdaTotalTime = 4.300629511
Result: errorMessage = Dataset not found.
GoodImages/Faces\IMG_20170405_151138_522_token.jpg GoodImages/Faces\IMG_20170405_151138_522_barcode.dat https://71vnavytwf.execute-api.us-east-1.amazonaws.com/prod 
Sending Code: RD Dep: ATL Flight: 094C003A0005
Result: lambdaTotalTime = 0.681920145
Result: errorMessage = Dataset not found.
GoodImages/Faces\IMG_20170405_151916_526_token.jpg GoodImages/Faces\IMG_20170405_151916_526_barcode.dat https://71vnavytwf.execute-api.us-east-1.amazonaws.com/prod 
Sending Code: RD Dep: ATL Flight: LD989
Result: lambdaTotalTime = 1.462461238
Result: errorMessage = Dataset not found.
GoodImages/Faces\IMG_20170405_152647_681_token.jpg GoodImages/Faces\IMG_20170405_152647_681_barcode.dat https://71vnavytwf.execute-api.us-east-1.amazonaws.com/prod 
Sending Code: RD Dep: ATL Flight: LD989
Result: lambdaTotalTime = 0.399059907
Result: errorMessage = Dataset not found.
GoodImages/Faces\IMG_20170405_152701_581_token.jpg GoodImages/Faces\IMG_20170405_152701_581_barcode.dat https://71vnavytwf.execute-api.us-east-1.amazonaws.com/prod 
Sending Code: RD Dep: ATL Flight: LD989
Result: lambdaTotalTime = 0.25882364
Result: errorMessage = Dataset not found.
GoodImages/Faces\IMG_20170405_160826_863_token.jpg GoodImages/Faces\IMG_20170405_160826_863_barcode.dat https://71vnavytwf.execute-api.us-east-1.amazonaws.com/prod 
GoodImages/Faces\IMG_20170405_160948_846_token.jpg GoodImages/Faces\IMG_20170405_160948_846_barcode.dat https://71vnavytwf.execute-api.us-east-1.amazonaws.com/prod 
GoodImages/Faces\IMG_20170405_161045_067_token.jpg GoodImages/Faces\IMG_20170405_161045_067_barcode.dat https://71vnavytwf.execute-api.us-east-1.amazonaws.com/prod 
GoodImages/Faces\IMG_20170405_161220_718_token.jpg GoodImages/Faces\IMG_20170405_161220_718_barcode.dat https://71vnavytwf.execute-api.us-east-1.amazonaws.com/prod 
GoodImages/Faces\IMG_20170405_161328_990_token.jpg GoodImages/Faces\IMG_20170405_161328_990_barcode.dat https://71vnavytwf.execute-api.us-east-1.amazonaws.com/prod 
Sending Code: DL Dep: ATL Flight: 0555
Result: lambdaTotalTime = 0.233479098
Result: errorMessage = Dataset not found.
GoodImages/Faces\IMG_20170405_164727_428_token.jpg GoodImages/Faces\IMG_20170405_164727_428_barcode.dat https://71vnavytwf.execute-api.us-east-1.amazonaws.com/prod 
Sending Code: DL Dep: ATL Flight: 555
Result: UID = NOUID-0IGDWPP04ZWTJNQIS25Z
Result: lambdaTotalTime = 4.475058877
Result: Result = Match
GoodImages/Faces\IMG_20170406_60247_229_token.jpg GoodImages/Faces\IMG_20170406_60247_229_barcode.dat https://71vnavytwf.execute-api.us-east-1.amazonaws.com/prod 
Sending Code: DL Dep: ATL Flight: 444
Result: UID = NOUID-TLVKHOOHTTHUEKG1BI2V
Result: lambdaTotalTime = 4.803623466
Result: Result = Match
GoodImages/Faces\IMG_20170406_60305_823_token.jpg GoodImages/Faces\IMG_20170406_60305_823_barcode.dat https://71vnavytwf.execute-api.us-east-1.amazonaws.com/prod 
Sending Code: DL Dep: ATL Flight: 444
Result: lambdaTotalTime = 0.784476468
Result: Result = No Match
GoodImages/Faces\IMG_20170406_60544_682_token.jpg GoodImages/Faces\IMG_20170406_60544_682_barcode.dat https://71vnavytwf.execute-api.us-east-1.amazonaws.com/prod 
Sending Code: DL Dep: ATL Flight: 444
Result: lambdaTotalTime = 0.606802982
Result: errorMessage = Face pan is not within threshold. Expected less than 26, actual 27.1372 degrees. 
GoodImages/Faces\IMG_20170406_60702_378_token.jpg GoodImages/Faces\IMG_20170406_60702_378_barcode.dat https://71vnavytwf.execute-api.us-east-1.amazonaws.com/prod 
Sending Code: DL Dep: ATL Flight: 444
Result: UID = NOUID-9ZUTMESZXPNDZW5WM7H7
Result: lambdaTotalTime = 0.594725477
Result: Result = Match
GoodImages/Faces\IMG_20170406_61216_417_token.jpg GoodImages/Faces\IMG_20170406_61216_417_barcode.dat https://71vnavytwf.execute-api.us-east-1.amazonaws.com/prod 
Sending Code: DL Dep: ATL Flight: 444
Result: lambdaTotalTime = 0.458092966
Result: Result = No Match
GoodImages/Faces\IMG_20170406_61437_847_token.jpg GoodImages/Faces\IMG_20170406_61437_847_barcode.dat https://71vnavytwf.execute-api.us-east-1.amazonaws.com/prod 
Sending Code: DL Dep: ATL Flight: 444
Result: lambdaTotalTime = 0.517654275
Result: Result = No Match
GoodImages/Faces\IMG_20170406_63533_870_token.jpg GoodImages/Faces\IMG_20170406_63533_870_barcode.dat https://71vnavytwf.execute-api.us-east-1.amazonaws.com/prod 
Sending Code: DL Dep: ATL Flight: 444
Result: lambdaTotalTime = 0.569860714
Result: Result = No Match
GoodImages/Faces\IMG_20170406_70701_840_token.jpg GoodImages/Faces\IMG_20170406_70701_840_barcode.dat https://71vnavytwf.execute-api.us-east-1.amazonaws.com/prod 
Sending Code: DL Dep: ATL Flight: 555
Result: UID = NOUID-RZVSSJFDW63GBMB7PXM4
Result: lambdaTotalTime = 0.862608947
Result: Result = Match
GoodImages/Faces\IMG_20170406_70712_485_token.jpg GoodImages/Faces\IMG_20170406_70712_485_barcode.dat https://71vnavytwf.execute-api.us-east-1.amazonaws.com/prod 
Sending Code: DL Dep: ATL Flight: 555
Result: lambdaTotalTime = 0.355703729
Result: Result = No Match
GoodImages/Faces\IMG_20170406_70723_318_token.jpg GoodImages/Faces\IMG_20170406_70723_318_barcode.dat https://71vnavytwf.execute-api.us-east-1.amazonaws.com/prod 
Sending Code: DL Dep: ATL Flight: 555
Result: UID = NOUID-KG7R4TM0DC0T3MJ2Q333
Result: lambdaTotalTime = 0.365205966
Result: Result = Match
GoodImages/Faces\IMG_20170406_111200_728_token.jpg GoodImages/Faces\IMG_20170406_111200_728_barcode.dat https://71vnavytwf.execute-api.us-east-1.amazonaws.com/prod 
Sending Code: DL Dep: ATL Flight: 555
Result: lambdaTotalTime = 0.334581062
Result: errorMessage = Dataset not found.
GoodImages/Faces\IMG_20170406_111240_727_token.jpg GoodImages/Faces\IMG_20170406_111240_727_barcode.dat https://71vnavytwf.execute-api.us-east-1.amazonaws.com/prod 
Sending Code: DL Dep: ATL Flight: 555
Result: lambdaTotalTime = 0.198849447
Result: errorMessage = Dataset not found.
GoodImages/Faces\IMG_20170406_111935_455_token.jpg GoodImages/Faces\IMG_20170406_111935_455_barcode.dat https://71vnavytwf.execute-api.us-east-1.amazonaws.com/prod 
Sending Code: DL Dep: ATL Flight: 555
Result: lambdaTotalTime = 0.317354628
Result: errorMessage = Dataset not found.
GoodImages/Faces\IMG_20170406_113636_776_token.jpg GoodImages/Faces\IMG_20170406_113636_776_barcode.dat https://71vnavytwf.execute-api.us-east-1.amazonaws.com/prod 
Sending Code: DL Dep: ATL Flight: 555
Result: lambdaTotalTime = 0.264456479
Result: errorMessage = Dataset not found.
GoodImages/Faces\IMG_20170406_113701_520_token.jpg GoodImages/Faces\IMG_20170406_113701_520_barcode.dat https://71vnavytwf.execute-api.us-east-1.amazonaws.com/prod 
Sending Code: DL Dep: ATL Flight: 555
Result: lambdaTotalTime = 0.186460641
Result: errorMessage = Dataset not found.
GoodImages/Faces\IMG_20170406_114710_433_token.jpg GoodImages/Faces\IMG_20170406_114710_433_barcode.dat https://71vnavytwf.execute-api.us-east-1.amazonaws.com/prod 
Sending Code: DL Dep: ATL Flight: 0555
Result: lambdaTotalTime = 1.176023924
Result: errorMessage = Dataset not found.
GoodImages/Faces\IMG_20170406_114739_191_token.jpg GoodImages/Faces\IMG_20170406_114739_191_barcode.dat https://71vnavytwf.execute-api.us-east-1.amazonaws.com/prod 
Sending Code: DL Dep: ATL Flight: 0555
Result: lambdaTotalTime = 0.552648869
Result: errorMessage = Dataset not found.
GoodImages/Faces\IMG_20170406_115105_856_token.jpg GoodImages/Faces\IMG_20170406_115105_856_barcode.dat https://71vnavytwf.execute-api.us-east-1.amazonaws.com/prod 
Sending Code: DL Dep: ATL Flight: 0555
Result: lambdaTotalTime = 0.281511449
Result: errorMessage = Dataset not found.
GoodImages/Faces\IMG_20170406_115151_577_token.jpg GoodImages/Faces\IMG_20170406_115151_577_barcode.dat https://71vnavytwf.execute-api.us-east-1.amazonaws.com/prod 
Sending Code: DL Dep: ATL Flight: 0555
Result: lambdaTotalTime = 0.265519041
Result: errorMessage = Dataset not found.
GoodImages/Faces\IMG_20170406_121322_668_token.jpg GoodImages/Faces\IMG_20170406_121322_668_barcode.dat https://71vnavytwf.execute-api.us-east-1.amazonaws.com/prod 
Sending Code: DL Dep: ATL Flight: 0555
Result: lambdaTotalTime = 0.96005744
Result: errorMessage = Dataset not found.
GoodImages/Faces\IMG_20170406_134209_426_token.jpg GoodImages/Faces\IMG_20170406_134209_426_barcode.dat https://71vnavytwf.execute-api.us-east-1.amazonaws.com/prod 
Sending Code: DL Dep: ATL Flight: 555
Result: lambdaTotalTime = 0.249491444
Result: errorMessage = Dataset not found.
GoodImages/Faces\IMG_20170407_63405_298_token.jpg GoodImages/Faces\IMG_20170407_63405_298_barcode.dat https://71vnavytwf.execute-api.us-east-1.amazonaws.com/prod 
Sending Code: DL Dep: ATL Flight: 555
Result: lambdaTotalTime = 0.401711504
Result: errorMessage = Dataset not found.
GoodImages/Faces\IMG_20170407_64243_906_token.jpg GoodImages/Faces\IMG_20170407_64243_906_barcode.dat https://71vnavytwf.execute-api.us-east-1.amazonaws.com/prod 
Sending Code: DL Dep: ATL Flight: 555
Result: lambdaTotalTime = 0.463376216
Result: errorMessage = Dataset not found.
GoodImages/Faces\IMG_20170407_64839_053_token.jpg GoodImages/Faces\IMG_20170407_64839_053_barcode.dat https://71vnavytwf.execute-api.us-east-1.amazonaws.com/prod 
Sending Code: DL Dep: ATL Flight: 0555
Result: lambdaTotalTime = 0.375406776
Result: errorMessage = Dataset not found.
GoodImages/Faces\IMG_20170407_73347_993_token.jpg GoodImages/Faces\IMG_20170407_73347_993_barcode.dat https://71vnavytwf.execute-api.us-east-1.amazonaws.com/prod 
Sending Code: DL Dep: ATL Flight: 0555
Result: lambdaTotalTime = 0.469774343
Result: errorMessage = Dataset not found.
GoodImages/Faces\IMG_20170407_73359_872_token.jpg GoodImages/Faces\IMG_20170407_73359_872_barcode.dat https://71vnavytwf.execute-api.us-east-1.amazonaws.com/prod 
Sending Code: DL Dep: ATL Flight: 0555
Result: lambdaTotalTime = 0.138542899
Result: errorMessage = Dataset not found.
GoodImages/Faces\IMG_20170407_73825_943_token.jpg GoodImages/Faces\IMG_20170407_73825_943_barcode.dat https://71vnavytwf.execute-api.us-east-1.amazonaws.com/prod 
Sending Code: DL Dep: ATL Flight: 0555
Result: lambdaTotalTime = 0.456858599
Result: errorMessage = Face tilt is not within threshold. Expected less than 30, actual 31.1017 degrees. 
GoodImages/Faces\IMG_20170407_73846_556_token.jpg GoodImages/Faces\IMG_20170407_73846_556_barcode.dat https://71vnavytwf.execute-api.us-east-1.amazonaws.com/prod 
Sending Code: DL Dep: ATL Flight: 0555
Result: lambdaTotalTime = 0.773331601
Result: Result = No Match
GoodImages/Faces\IMG_20170407_80244_598_token.jpg GoodImages/Faces\IMG_20170407_80244_598_barcode.dat https://71vnavytwf.execute-api.us-east-1.amazonaws.com/prod 
Sending Code: DL Dep: ATL Flight: 0222
Result: lambdaTotalTime = 0.728489281
Result: Result = No Match
GoodImages/Faces\IMG_20170407_80307_458_token.jpg GoodImages/Faces\IMG_20170407_80307_458_barcode.dat https://71vnavytwf.execute-api.us-east-1.amazonaws.com/prod 
Sending Code: DL Dep: ATL Flight: 555
Result: lambdaTotalTime = 0.34676336
Result: errorMessage = Face is too bright. Face pan is not within threshold. Expected less than 26, actual 32.06 degrees. 
GoodImages/Faces\IMG_20170407_80322_831_token.jpg GoodImages/Faces\IMG_20170407_80322_831_barcode.dat https://71vnavytwf.execute-api.us-east-1.amazonaws.com/prod 
Sending Code: DL Dep: ATL Flight: 555
Result: lambdaTotalTime = 0.407218694
Result: Result = No Match
GoodImages/Faces\IMG_20170407_80335_140_token.jpg GoodImages/Faces\IMG_20170407_80335_140_barcode.dat https://71vnavytwf.execute-api.us-east-1.amazonaws.com/prod 
Sending Code: DL Dep: ATL Flight: 0222
Result: lambdaTotalTime = 0.332009568
Result: Result = No Match
GoodImages/Faces\IMG_20170407_80345_901_token.jpg GoodImages/Faces\IMG_20170407_80345_901_barcode.dat https://71vnavytwf.execute-api.us-east-1.amazonaws.com/prod 
Sending Code: DL Dep: ATL Flight: 0222
Result: lambdaTotalTime = 0.363222775
Result: Result = No Match
GoodImages/Faces\IMG_20170407_80643_545_token.jpg GoodImages/Faces\IMG_20170407_80643_545_barcode.dat https://71vnavytwf.execute-api.us-east-1.amazonaws.com/prod 
Sending Code: DL Dep: ATL Flight: 0222
Result: lambdaTotalTime = 0.529521327
Result: errorMessage = Face is too bright. 
GoodImages/Faces\IMG_20170407_83332_170_token.jpg GoodImages/Faces\IMG_20170407_83332_170_barcode.dat https://71vnavytwf.execute-api.us-east-1.amazonaws.com/prod 
Sending Code: DL Dep: ATL Flight: 555
Result: lambdaTotalTime = 0.485913443
Result: Result = No Match
GoodImages/Faces\IMG_20170407_91821_571_token.jpg GoodImages/Faces\IMG_20170407_91821_571_barcode.dat https://71vnavytwf.execute-api.us-east-1.amazonaws.com/prod 
Sending Code: DL Dep: ATL Flight: 0333
Result: lambdaTotalTime = 0.458116523
Result: errorMessage = Face is too bright. Face pan is not within threshold. Expected less than 26, actual 61.609 degrees. 
GoodImages/Faces\IMG_20170407_91838_167_token.jpg GoodImages/Faces\IMG_20170407_91838_167_barcode.dat https://71vnavytwf.execute-api.us-east-1.amazonaws.com/prod 
Sending Code: DL Dep: ATL Flight: 555
Result: lambdaTotalTime = 0.377773479
Result: errorMessage = Face is too bright. 
GoodImages/Faces\IMG_20170407_91855_885_token.jpg GoodImages/Faces\IMG_20170407_91855_885_barcode.dat https://71vnavytwf.execute-api.us-east-1.amazonaws.com/prod 
Sending Code: DL Dep: ATL Flight: 0222
Result: lambdaTotalTime = 0.388487841
Result: errorMessage = Face is too bright. 
GoodImages/Faces\IMG_20170407_95755_734_token.jpg GoodImages/Faces\IMG_20170407_95755_734_barcode.dat https://71vnavytwf.execute-api.us-east-1.amazonaws.com/prod 
Sending Code: DL Dep: ATL Flight: 0333
Result: lambdaTotalTime = 0.428469239
Result: errorMessage = Face is too bright. 
GoodImages/Faces\IMG_20170407_95809_641_token.jpg GoodImages/Faces\IMG_20170407_95809_641_barcode.dat https://71vnavytwf.execute-api.us-east-1.amazonaws.com/prod 
Sending Code: DL Dep: ATL Flight: 0222
Result: UID = NOUID-8TKPMWO3FGFNX5Z5D6RL
Result: lambdaTotalTime = 0.511878923
Result: Result = Match
GoodImages/Faces\IMG_20170407_95818_714_token.jpg GoodImages/Faces\IMG_20170407_95818_714_barcode.dat https://71vnavytwf.execute-api.us-east-1.amazonaws.com/prod 
Sending Code: DL Dep: ATL Flight: 555
Result: lambdaTotalTime = 0.388576625
Result: Result = No Match
GoodImages/Faces\IMG_20170407_101212_764_token.jpg GoodImages/Faces\IMG_20170407_101212_764_barcode.dat https://71vnavytwf.execute-api.us-east-1.amazonaws.com/prod 
Sending Code: DL Dep: ATL Flight: 555
Result: lambdaTotalTime = 0.456089516
Result: errorMessage = Face is too bright. 
GoodImages/Faces\IMG_20170407_101227_070_token.jpg GoodImages/Faces\IMG_20170407_101227_070_barcode.dat https://71vnavytwf.execute-api.us-east-1.amazonaws.com/prod 
Sending Code: DL Dep: ATL Flight: 0333
Result: lambdaTotalTime = 0.368511222
Result: errorMessage = Face is too bright. Face pan is not within threshold. Expected less than 26, actual 27.2648 degrees. 
GoodImages/Faces\IMG_20170407_101237_940_token.jpg GoodImages/Faces\IMG_20170407_101237_940_barcode.dat https://71vnavytwf.execute-api.us-east-1.amazonaws.com/prod 
Sending Code: DL Dep: ATL Flight: 0222
Result: lambdaTotalTime = 0.335211498
Result: errorMessage = Face tilt is not within threshold. Expected less than 30, actual 31.0542 degrees. 
GoodImages/Faces\IMG_20170407_101247_938_token.jpg GoodImages/Faces\IMG_20170407_101247_938_barcode.dat https://71vnavytwf.execute-api.us-east-1.amazonaws.com/prod 
Sending Code: DL Dep: ATL Flight: 0333
Result: lambdaTotalTime = 0.309964544
Result: errorMessage = Face is too bright. 
GoodImages/Faces\IMG_20170407_101257_258_token.jpg GoodImages/Faces\IMG_20170407_101257_258_barcode.dat https://71vnavytwf.execute-api.us-east-1.amazonaws.com/prod 
Sending Code: DL Dep: ATL Flight: 555
Result: lambdaTotalTime = 0.296232372
Result: errorMessage = Face is too bright. 
GoodImages/Faces\IMG_20170407_104551_686_token.jpg GoodImages/Faces\IMG_20170407_104551_686_barcode.dat https://71vnavytwf.execute-api.us-east-1.amazonaws.com/prod 
Sending Code: DL Dep: ATL Flight: 0555
Result: lambdaTotalTime = 0.435472911
Result: Result = No Match
GoodImages/Faces\IMG_20170407_104605_153_token.jpg GoodImages/Faces\IMG_20170407_104605_153_barcode.dat https://71vnavytwf.execute-api.us-east-1.amazonaws.com/prod 
Sending Code: DL Dep: ATL Flight: 0555
Result: lambdaTotalTime = 0.286545736
Result: Result = No Match
GoodImages/Faces\IMG_20170407_110049_521_token.jpg GoodImages/Faces\IMG_20170407_110049_521_barcode.dat https://71vnavytwf.execute-api.us-east-1.amazonaws.com/prod 
Sending Code: DL Dep: ATL Flight: 0555
Result: lambdaTotalTime = 0.410380582
Result: Result = No Match
GoodImages/Faces\IMG_20170407_111233_397_token.jpg GoodImages/Faces\IMG_20170407_111233_397_barcode.dat https://71vnavytwf.execute-api.us-east-1.amazonaws.com/prod 
Sending Code: DL Dep: ATL Flight: 0303
Result: lambdaTotalTime = 0.385162709
Result: errorMessage = Face is too bright. 
GoodImages/Faces\IMG_20170407_111242_475_token.jpg GoodImages/Faces\IMG_20170407_111242_475_barcode.dat https://71vnavytwf.execute-api.us-east-1.amazonaws.com/prod 
Sending Code: DL Dep: ATL Flight: 0303
Result: lambdaTotalTime = 0.393840288
Result: errorMessage = Face is too bright. 
GoodImages/Faces\IMG_20170407_111601_533_token.jpg GoodImages/Faces\IMG_20170407_111601_533_barcode.dat https://71vnavytwf.execute-api.us-east-1.amazonaws.com/prod 
Sending Code: DL Dep: ATL Flight: 0666
Result: lambdaTotalTime = 0.332556785
Result: Result = No Match
GoodImages/Faces\IMG_20170407_111950_434_token.jpg GoodImages/Faces\IMG_20170407_111950_434_barcode.dat https://71vnavytwf.execute-api.us-east-1.amazonaws.com/prod 
Sending Code: DL Dep: ATL Flight: 0555
Result: lambdaTotalTime = 0.363689081
Result: Result = No Match
GoodImages/Faces\IMG_20170407_112615_087_token.jpg GoodImages/Faces\IMG_20170407_112615_087_barcode.dat https://71vnavytwf.execute-api.us-east-1.amazonaws.com/prod 
Sending Code: DL Dep: ATL Flight: 0303
Result: lambdaTotalTime = 5.186019687
Result: errorMessage = Face is too bright. 
GoodImages/Faces\IMG_20170407_112624_968_token.jpg GoodImages/Faces\IMG_20170407_112624_968_barcode.dat https://71vnavytwf.execute-api.us-east-1.amazonaws.com/prod 
Sending Code: DL Dep: ATL Flight: 0303
Result: lambdaTotalTime = 0.565042667
Result: errorMessage = Face is too bright. 
GoodImages/Faces\IMG_20170407_112752_914_token.jpg GoodImages/Faces\IMG_20170407_112752_914_barcode.dat https://71vnavytwf.execute-api.us-east-1.amazonaws.com/prod 
Sending Code: DL Dep: ATL Flight: 0222
Result: lambdaTotalTime = 0.570547306
Result: errorMessage = Face is too bright. 
GoodImages/Faces\IMG_20170407_112805_082_token.jpg GoodImages/Faces\IMG_20170407_112805_082_barcode.dat https://71vnavytwf.execute-api.us-east-1.amazonaws.com/prod 
Sending Code: DL Dep: ATL Flight: 555
Result: lambdaTotalTime = 0.565967718
Result: errorMessage = Face is too bright. 
GoodImages/Faces\IMG_20170407_112815_409_token.jpg GoodImages/Faces\IMG_20170407_112815_409_barcode.dat https://71vnavytwf.execute-api.us-east-1.amazonaws.com/prod 
Sending Code: DL Dep: ATL Flight: 0303
Result: lambdaTotalTime = 0.641087383
Result: errorMessage = Face is too bright. Face pan is not within threshold. Expected less than 26, actual 33.9588 degrees. 
GoodImages/Faces\IMG_20170407_130148_743_token.jpg GoodImages/Faces\IMG_20170407_130148_743_barcode.dat https://71vnavytwf.execute-api.us-east-1.amazonaws.com/prod 
Sending Code: DL Dep: ATL Flight: 0303
Result: UID = QCE5D5-4HDDHCPIEILPKQ24T21D
Result: lambdaTotalTime = 0.707600592
Result: Result = Match
GoodImages/Faces\IMG_20170407_130159_389_token.jpg GoodImages/Faces\IMG_20170407_130159_389_barcode.dat https://71vnavytwf.execute-api.us-east-1.amazonaws.com/prod 
Sending Code: DL Dep: ATL Flight: 0303
Result: UID = 2MHU3Z-SQHCVNF5KBPRZ197U9U0
Result: lambdaTotalTime = 0.336850632
Result: Result = Match
GoodImages/Faces\IMG_20170407_130604_744_token.jpg GoodImages/Faces\IMG_20170407_130604_744_barcode.dat https://71vnavytwf.execute-api.us-east-1.amazonaws.com/prod 
Sending Code: DL Dep: ATL Flight: 0333
Result: UID = NOUID-2OTMPL7WT5UWN50W2RPL
Result: lambdaTotalTime = 0.664484528
Result: Result = Match
GoodImages/Faces\IMG_20170410_64416_904_token.jpg GoodImages/Faces\IMG_20170410_64416_904_barcode.dat https://71vnavytwf.execute-api.us-east-1.amazonaws.com/prod 
GoodImages/Faces\IMG_20170410_64434_015_token.jpg GoodImages/Faces\IMG_20170410_64434_015_barcode.dat https://71vnavytwf.execute-api.us-east-1.amazonaws.com/prod 
GoodImages/Faces\IMG_20170410_64458_367_token.jpg GoodImages/Faces\IMG_20170410_64458_367_barcode.dat https://71vnavytwf.execute-api.us-east-1.amazonaws.com/prod 
GoodImages/Faces\IMG_20170410_64517_635_token.jpg GoodImages/Faces\IMG_20170410_64517_635_barcode.dat https://71vnavytwf.execute-api.us-east-1.amazonaws.com/prod 
Sending Code: DL Dep: ATL Flight: 0303
Result: lambdaTotalTime = 4.177667156
Result: errorMessage = Dataset not found.
GoodImages/Faces\IMG_20170410_64532_753_token.jpg GoodImages/Faces\IMG_20170410_64532_753_barcode.dat https://71vnavytwf.execute-api.us-east-1.amazonaws.com/prod 
Sending Code: DL Dep: ATL Flight: 0555
Result: lambdaTotalTime = 0.259288745
Result: errorMessage = Dataset not found.
GoodImages/Faces\IMG_20170410_64544_677_token.jpg GoodImages/Faces\IMG_20170410_64544_677_barcode.dat https://71vnavytwf.execute-api.us-east-1.amazonaws.com/prod 
Sending Code: DL Dep: ATL Flight: 0333
Result: lambdaTotalTime = 0.467726644
Result: errorMessage = Dataset not found.
GoodImages/Faces\IMG_20170410_64554_428_token.jpg GoodImages/Faces\IMG_20170410_64554_428_barcode.dat https://71vnavytwf.execute-api.us-east-1.amazonaws.com/prod 
Sending Code: DL Dep: ATL Flight: 0303
Result: lambdaTotalTime = 0.242296587
Result: errorMessage = Dataset not found.
GoodImages/Faces\IMG_20170410_65105_972_token.jpg GoodImages/Faces\IMG_20170410_65105_972_barcode.dat https://71vnavytwf.execute-api.us-east-1.amazonaws.com/prod 
Sending Code: DL Dep: ATL Flight: 0111
Result: lambdaTotalTime = 0.51224434
Result: errorMessage = Face not detected. 
GoodImages/Faces\IMG_20170410_75819_197_token.jpg GoodImages/Faces\IMG_20170410_75819_197_barcode.dat https://71vnavytwf.execute-api.us-east-1.amazonaws.com/prod 
Sending Code: DL Dep: ATL Flight: 0120
Result: lambdaTotalTime = 0.544537513
Result: errorMessage = Face is too bright. Face tilt is not within threshold. Expected less than 30, actual 31.9858 degrees. 
GoodImages/Faces\IMG_20170410_82743_054_token.jpg GoodImages/Faces\IMG_20170410_82743_054_barcode.dat https://71vnavytwf.execute-api.us-east-1.amazonaws.com/prod 
Sending Code: DL Dep: ATL Flight: 0411
Result: lambdaTotalTime = 0.687648432
Result: Result = No Match
GoodImages/Faces\IMG_20170410_82753_055_token.jpg GoodImages/Faces\IMG_20170410_82753_055_barcode.dat https://71vnavytwf.execute-api.us-east-1.amazonaws.com/prod 
Sending Code: DL Dep: ATL Flight: 0411
Result: lambdaTotalTime = 0.586738173
Result: errorMessage = Face is too bright. 
GoodImages/Faces\IMG_20170410_82802_289_token.jpg GoodImages/Faces\IMG_20170410_82802_289_barcode.dat https://71vnavytwf.execute-api.us-east-1.amazonaws.com/prod 
Sending Code: DL Dep: ATL Flight: 0120
Result: lambdaTotalTime = 0.584162906
Result: errorMessage = Face is too bright. 
GoodImages/Faces\IMG_20170410_82929_129_token.jpg GoodImages/Faces\IMG_20170410_82929_129_barcode.dat https://71vnavytwf.execute-api.us-east-1.amazonaws.com/prod 
Sending Code: DL Dep: ATL Flight: 0411
Result: lambdaTotalTime = 0.489019486
Result: errorMessage = Face is too bright. 
GoodImages/Faces\IMG_20170410_92038_995_token.jpg GoodImages/Faces\IMG_20170410_92038_995_barcode.dat https://71vnavytwf.execute-api.us-east-1.amazonaws.com/prod 
Sending Code: DL Dep: ATL Flight: 0411
Result: lambdaTotalTime = 0.815123417
Result: errorMessage = Face is too bright. 
GoodImages/Faces\IMG_20170410_92048_027_token.jpg GoodImages/Faces\IMG_20170410_92048_027_barcode.dat https://71vnavytwf.execute-api.us-east-1.amazonaws.com/prod 
Sending Code: DL Dep: ATL Flight: 0120
Result: lambdaTotalTime = 0.308464685
Result: errorMessage = Face is too bright. 
GoodImages/Faces\IMG_20170410_92103_225_token.jpg GoodImages/Faces\IMG_20170410_92103_225_barcode.dat https://71vnavytwf.execute-api.us-east-1.amazonaws.com/prod 
Sending Code: DL Dep: ATL Flight: 0111
Result: lambdaTotalTime = 0.357926664
Result: errorMessage = Face is too bright. 
GoodImages/Faces\IMG_20170410_92112_446_token.jpg GoodImages/Faces\IMG_20170410_92112_446_barcode.dat https://71vnavytwf.execute-api.us-east-1.amazonaws.com/prod 
Sending Code: DL Dep: ATL Flight: 0333
Result: lambdaTotalTime = 0.300941187
Result: errorMessage = Dataset not found.
GoodImages/Faces\IMG_20170410_93845_765_token.jpg GoodImages/Faces\IMG_20170410_93845_765_barcode.dat https://71vnavytwf.execute-api.us-east-1.amazonaws.com/prod 
Sending Code: DL Dep: ATL Flight: 0120
Result: lambdaTotalTime = 0.608066834
Result: errorMessage = Face is too bright. 
GoodImages/Faces\IMG_20170410_93856_470_token.jpg GoodImages/Faces\IMG_20170410_93856_470_barcode.dat https://71vnavytwf.execute-api.us-east-1.amazonaws.com/prod 
Sending Code: DL Dep: ATL Flight: 0411
Result: lambdaTotalTime = 0.426013192
Result: errorMessage = Face is too bright. 
GoodImages/Faces\IMG_20170410_93908_896_token.jpg GoodImages/Faces\IMG_20170410_93908_896_barcode.dat https://71vnavytwf.execute-api.us-east-1.amazonaws.com/prod 
Sending Code: DL Dep: ATL Flight: 0120
Result: lambdaTotalTime = 0.504767481
Result: errorMessage = Face is too bright. 
GoodImages/Faces\IMG_20170410_93922_919_token.jpg GoodImages/Faces\IMG_20170410_93922_919_barcode.dat https://71vnavytwf.execute-api.us-east-1.amazonaws.com/prod 
Sending Code: DL Dep: ATL Flight: 0111
Result: lambdaTotalTime = 0.347670421
Result: errorMessage = Face is too bright. 
GoodImages/Faces\IMG_20170410_93942_306_token.jpg GoodImages/Faces\IMG_20170410_93942_306_barcode.dat https://71vnavytwf.execute-api.us-east-1.amazonaws.com/prod 
Sending Code: DL Dep: ATL Flight: 0333
Result: lambdaTotalTime = 0.239024414
Result: errorMessage = Dataset not found.
GoodImages/Faces\IMG_20170410_104055_226_token.jpg GoodImages/Faces\IMG_20170410_104055_226_barcode.dat https://71vnavytwf.execute-api.us-east-1.amazonaws.com/prod 
Sending Code: DL Dep: ATL Flight: 0666
Result: lambdaTotalTime = 4.022787163
Result: errorMessage = Dataset not found.
GoodImages/Faces\IMG_20170410_104120_217_token.jpg GoodImages/Faces\IMG_20170410_104120_217_barcode.dat https://71vnavytwf.execute-api.us-east-1.amazonaws.com/prod 
Sending Code: DL Dep: ATL Flight: 0666
Result: lambdaTotalTime = 0.40212658
Result: errorMessage = Dataset not found.
GoodImages/Faces\IMG_20170410_104203_941_token.jpg GoodImages/Faces\IMG_20170410_104203_941_barcode.dat https://71vnavytwf.execute-api.us-east-1.amazonaws.com/prod 
Sending Code: DL Dep: ATL Flight: 0666
Result: lambdaTotalTime = 0.414303966
Result: errorMessage = Dataset not found.
GoodImages/Faces\IMG_20170410_104214_571_token.jpg GoodImages/Faces\IMG_20170410_104214_571_barcode.dat https://71vnavytwf.execute-api.us-east-1.amazonaws.com/prod 
Sending Code: DL Dep: ATL Flight: 0666
Result: lambdaTotalTime = 0.372562096
Result: errorMessage = Dataset not found.
GoodImages/Faces\IMG_20170410_104226_367_token.jpg GoodImages/Faces\IMG_20170410_104226_367_barcode.dat https://71vnavytwf.execute-api.us-east-1.amazonaws.com/prod 
Sending Code: DL Dep: ATL Flight: 0666
Result: lambdaTotalTime = 0.220201822
Result: errorMessage = Dataset not found.
GoodImages/Faces\IMG_20170410_105605_440_token.jpg GoodImages/Faces\IMG_20170410_105605_440_barcode.dat https://71vnavytwf.execute-api.us-east-1.amazonaws.com/prod 
Sending Code: DL Dep: ATL Flight: 0421
Result: lambdaTotalTime = 0.365020566
Result: errorMessage = Dataset not found.
GoodImages/Faces\IMG_20170410_110132_958_token.jpg GoodImages/Faces\IMG_20170410_110132_958_barcode.dat https://71vnavytwf.execute-api.us-east-1.amazonaws.com/prod 
Sending Code: DL Dep: ATL Flight: 0421
Result: lambdaTotalTime = 0.23950204
Result: errorMessage = Dataset not found.
GoodImages/Faces\IMG_20170410_110143_458_token.jpg GoodImages/Faces\IMG_20170410_110143_458_barcode.dat https://71vnavytwf.execute-api.us-east-1.amazonaws.com/prod 
Sending Code: DL Dep: ATL Flight: 0421
Result: lambdaTotalTime = 0.225209573
Result: errorMessage = Dataset not found.
GoodImages/Faces\IMG_20170410_110155_145_token.jpg GoodImages/Faces\IMG_20170410_110155_145_barcode.dat https://71vnavytwf.execute-api.us-east-1.amazonaws.com/prod 
Sending Code: DL Dep: ATL Flight: 0421
Result: lambdaTotalTime = 0.284448319
Result: errorMessage = Dataset not found.
GoodImages/Faces\IMG_20170410_110204_064_token.jpg GoodImages/Faces\IMG_20170410_110204_064_barcode.dat https://71vnavytwf.execute-api.us-east-1.amazonaws.com/prod 
Sending Code: DL Dep: ATL Flight: 0421
Result: lambdaTotalTime = 0.147921784
Result: errorMessage = Dataset not found.
GoodImages/Faces\IMG_20170410_111040_541_token.jpg GoodImages/Faces\IMG_20170410_111040_541_barcode.dat https://71vnavytwf.execute-api.us-east-1.amazonaws.com/prod 
Sending Code: DL Dep: ATL Flight: 0120
Result: lambdaTotalTime = 1.070900878
Result: Result = No Match
GoodImages/Faces\IMG_20170410_111049_338_token.jpg GoodImages/Faces\IMG_20170410_111049_338_barcode.dat https://71vnavytwf.execute-api.us-east-1.amazonaws.com/prod 
Sending Code: DL Dep: ATL Flight: 0411
Result: lambdaTotalTime = 0.502584853
Result: Result = No Match
GoodImages/Faces\IMG_20170410_111100_170_token.jpg GoodImages/Faces\IMG_20170410_111100_170_barcode.dat https://71vnavytwf.execute-api.us-east-1.amazonaws.com/prod 
Sending Code: DL Dep: ATL Flight: 0120
Result: UID = D32UPD-96F885948QP9HJPR0DRB
Result: lambdaTotalTime = 0.391605798
Result: Result = Match
GoodImages/Faces\IMG_20170410_111109_186_token.jpg GoodImages/Faces\IMG_20170410_111109_186_barcode.dat https://71vnavytwf.execute-api.us-east-1.amazonaws.com/prod 
Sending Code: DL Dep: ATL Flight: 0411
Result: lambdaTotalTime = 0.400986577
Result: Result = No Match
GoodImages/Faces\IMG_20170410_132839_152_token.jpg GoodImages/Faces\IMG_20170410_132839_152_barcode.dat https://71vnavytwf.execute-api.us-east-1.amazonaws.com/prod 
Sending Code: DL Dep: ATL Flight: 0211
Result: lambdaTotalTime = 0.506319716
Result: errorMessage = Dataset not found.
GoodImages/Faces\IMG_20170410_132849_203_token.jpg GoodImages/Faces\IMG_20170410_132849_203_barcode.dat https://71vnavytwf.execute-api.us-east-1.amazonaws.com/prod 
Sending Code: DL Dep: ATL Flight: 0211
Result: lambdaTotalTime = 0.277372816
Result: errorMessage = Dataset not found.
GoodImages/Faces\IMG_20170410_132855_999_token.jpg GoodImages/Faces\IMG_20170410_132855_999_barcode.dat https://71vnavytwf.execute-api.us-east-1.amazonaws.com/prod 
Sending Code: DL Dep: ATL Flight: 0211
Result: lambdaTotalTime = 0.183677777
Result: errorMessage = Dataset not found.
GoodImages/Faces\IMG_20170411_92335_752_token.jpg GoodImages/Faces\IMG_20170411_92335_752_barcode.dat https://71vnavytwf.execute-api.us-east-1.amazonaws.com/prod 
Sending Code: DL Dep: ATL Flight: 016071
Result: lambdaTotalTime = 0.232097351
Result: errorMessage = Dataset not found.
GoodImages/Faces\IMG_20170411_92741_204_token.jpg GoodImages/Faces\IMG_20170411_92741_204_barcode.dat https://71vnavytwf.execute-api.us-east-1.amazonaws.com/prod 
Sending Code: DL Dep: ATL Flight: 016071
Result: lambdaTotalTime = 0.188274402
Result: errorMessage = Dataset not found.
GoodImages/Faces\IMG_20170411_93101_068_token.jpg GoodImages/Faces\IMG_20170411_93101_068_barcode.dat https://71vnavytwf.execute-api.us-east-1.amazonaws.com/prod 
Sending Code: DL Dep: ATL Flight: 016071
Result: lambdaTotalTime = 0.685491534
Result: errorMessage = Dataset not found.
GoodImages/Faces\IMG_20170411_101809_345_token.jpg GoodImages/Faces\IMG_20170411_101809_345_barcode.dat https://71vnavytwf.execute-api.us-east-1.amazonaws.com/prod 
Sending Code: DL Dep: ATL Flight: 008
Result: lambdaTotalTime = 0.199663919
Result: errorMessage = Dataset not found.
GoodImages/Faces\IMG_20170411_101817_920_token.jpg GoodImages/Faces\IMG_20170411_101817_920_barcode.dat https://71vnavytwf.execute-api.us-east-1.amazonaws.com/prod 
Sending Code: DL Dep: ATL Flight: 008
Result: lambdaTotalTime = 0.106809438
Result: errorMessage = Dataset not found.
GoodImages/Faces\IMG_20170411_102139_092_token.jpg GoodImages/Faces\IMG_20170411_102139_092_barcode.dat https://71vnavytwf.execute-api.us-east-1.amazonaws.com/prod 
Sending Code: DL Dep: ATL Flight: 016071
Result: lambdaTotalTime = 0.266575941
Result: errorMessage = Dataset not found.
GoodImages/Faces\IMG_20170411_102156_375_token.jpg GoodImages/Faces\IMG_20170411_102156_375_barcode.dat https://71vnavytwf.execute-api.us-east-1.amazonaws.com/prod 
Sending Code: DL Dep: ATL Flight: 016071
Result: lambdaTotalTime = 0.17208259
Result: errorMessage = Dataset not found.
GoodImages/Faces\IMG_20170411_102257_513_token.jpg GoodImages/Faces\IMG_20170411_102257_513_barcode.dat https://71vnavytwf.execute-api.us-east-1.amazonaws.com/prod 
Sending Code: DL Dep: ATL Flight: 016071
Result: lambdaTotalTime = 0.253310882
Result: errorMessage = Dataset not found.
GoodImages/Faces\IMG_20170411_102502_192_token.jpg GoodImages/Faces\IMG_20170411_102502_192_barcode.dat https://71vnavytwf.execute-api.us-east-1.amazonaws.com/prod 
Sending Code: DL Dep: ATL Flight: 0333
Result: lambdaTotalTime = 0.240055538
Result: errorMessage = Dataset not found.
GoodImages/Faces\IMG_20170411_102513_116_token.jpg GoodImages/Faces\IMG_20170411_102513_116_barcode.dat https://71vnavytwf.execute-api.us-east-1.amazonaws.com/prod 
Sending Code: DL Dep: ATL Flight: 0111
Result: lambdaTotalTime = 0.165175431
Result: errorMessage = Dataset not found.
GoodImages/Faces\IMG_20170411_102535_884_token.jpg GoodImages/Faces\IMG_20170411_102535_884_barcode.dat https://71vnavytwf.execute-api.us-east-1.amazonaws.com/prod 
Sending Code: DL Dep: ATL Flight: 0120
Result: lambdaTotalTime = 0.152638323
Result: errorMessage = Dataset not found.
GoodImages/Faces\IMG_20170411_102545_142_token.jpg GoodImages/Faces\IMG_20170411_102545_142_barcode.dat https://71vnavytwf.execute-api.us-east-1.amazonaws.com/prod 
Sending Code: DL Dep: ATL Flight: 0411
Result: lambdaTotalTime = 0.108052559
Result: errorMessage = Dataset not found.
GoodImages/Faces\IMG_20170411_111435_427_token.jpg GoodImages/Faces\IMG_20170411_111435_427_barcode.dat https://71vnavytwf.execute-api.us-east-1.amazonaws.com/prod 
Sending Code: DL Dep: ATL Flight: 008
Result: lambdaTotalTime = 0.316295044
Result: errorMessage = Dataset not found.
GoodImages/Faces\IMG_20170411_111446_477_token.jpg GoodImages/Faces\IMG_20170411_111446_477_barcode.dat https://71vnavytwf.execute-api.us-east-1.amazonaws.com/prod 
Sending Code: DL Dep: ATL Flight: 008
Result: lambdaTotalTime = 0.140216049
Result: errorMessage = Dataset not found.
GoodImages/Faces\IMG_20170411_111455_430_token.jpg GoodImages/Faces\IMG_20170411_111455_430_barcode.dat https://71vnavytwf.execute-api.us-east-1.amazonaws.com/prod 
Sending Code: DL Dep: ATL Flight: 008
Result: lambdaTotalTime = 0.170738835
Result: errorMessage = Dataset not found.
GoodImages/Faces\IMG_20170411_111510_919_token.jpg GoodImages/Faces\IMG_20170411_111510_919_barcode.dat https://71vnavytwf.execute-api.us-east-1.amazonaws.com/prod 
Sending Code: DL Dep: ATL Flight: 008
Result: lambdaTotalTime = 0.126564145
Result: errorMessage = Dataset not found.
GoodImages/Faces\IMG_20170411_111520_334_token.jpg GoodImages/Faces\IMG_20170411_111520_334_barcode.dat https://71vnavytwf.execute-api.us-east-1.amazonaws.com/prod 
Sending Code: DL Dep: ATL Flight: 008
Result: lambdaTotalTime = 0.320306499
Result: errorMessage = Dataset not found.
GoodImages/Faces\IMG_20170411_111529_060_token.jpg GoodImages/Faces\IMG_20170411_111529_060_barcode.dat https://71vnavytwf.execute-api.us-east-1.amazonaws.com/prod 
Sending Code: DL Dep: ATL Flight: 008
Result: lambdaTotalTime = 0.271485422
Result: errorMessage = Dataset not found.
GoodImages/Faces\IMG_20170411_121411_129_token.jpg GoodImages/Faces\IMG_20170411_121411_129_barcode.dat https://71vnavytwf.execute-api.us-east-1.amazonaws.com/prod 
Sending Code: DL Dep: ATL Flight: 008
Result: UID = NOUID-DSRTBZDHFBTS57TX0X02
Result: lambdaTotalTime = 1.148281526
Result: Result = Match
GoodImages/Faces\IMG_20170411_121419_968_token.jpg GoodImages/Faces\IMG_20170411_121419_968_barcode.dat https://71vnavytwf.execute-api.us-east-1.amazonaws.com/prod 
GoodImages/Faces\IMG_20170411_121429_733_token.jpg GoodImages/Faces\IMG_20170411_121429_733_barcode.dat https://71vnavytwf.execute-api.us-east-1.amazonaws.com/prod 
Sending Code: DL Dep: ATL Flight: 008
Result: lambdaTotalTime = 0.343363155
Result: Result = No Match
GoodImages/Faces\IMG_20170411_121438_676_token.jpg GoodImages/Faces\IMG_20170411_121438_676_barcode.dat https://71vnavytwf.execute-api.us-east-1.amazonaws.com/prod 
Sending Code: DL Dep: ATL Flight: 0333
Sending Code: DL Dep: ATL Flight: 0333
Result: lambdaTotalTime = 0.114834722
Result: errorMessage = Dataset not found.
GoodImages/Faces\IMG_20170411_121743_072_token.jpg GoodImages/Faces\IMG_20170411_121743_072_barcode.dat https://71vnavytwf.execute-api.us-east-1.amazonaws.com/prod 
Sending Code: DL Dep: ATL Flight: 008
Result: UID = NOUID-DSRTBZDHFBTS57TX0X02
Result: lambdaTotalTime = 0.401102982
Result: Result = Match
GoodImages/Faces\IMG_20170411_121751_797_token.jpg GoodImages/Faces\IMG_20170411_121751_797_barcode.dat https://71vnavytwf.execute-api.us-east-1.amazonaws.com/prod 
Sending Code: DL Dep: ATL Flight: 008
Result: UID = NOUID-DSRTBZDHFBTS57TX0X02
Result: lambdaTotalTime = 0.32551539
Result: Result = Match
GoodImages/Faces\IMG_20170411_121759_717_token.jpg GoodImages/Faces\IMG_20170411_121759_717_barcode.dat https://71vnavytwf.execute-api.us-east-1.amazonaws.com/prod 
Sending Code: DL Dep: ATL Flight: 016071
Result: lambdaTotalTime = 0.100594369
Result: errorMessage = Dataset not found.
GoodImages/Faces\IMG_20170411_121808_107_token.jpg GoodImages/Faces\IMG_20170411_121808_107_barcode.dat https://71vnavytwf.execute-api.us-east-1.amazonaws.com/prod 
Sending Code: DL Dep: ATL Flight: 016071
Result: lambdaTotalTime = 0.42159403
Result: errorMessage = Dataset not found.
GoodImages/Faces\IMG_20170411_121816_904_token.jpg GoodImages/Faces\IMG_20170411_121816_904_barcode.dat https://71vnavytwf.execute-api.us-east-1.amazonaws.com/prod 
GoodImages/Faces\IMG_20170411_121825_171_token.jpg GoodImages/Faces\IMG_20170411_121825_171_barcode.dat https://71vnavytwf.execute-api.us-east-1.amazonaws.com/prod 
Sending Code: DL Dep: ATL Flight: 016071
Result: lambdaTotalTime = 0.11766916
Result: errorMessage = Dataset not found.
GoodImages/Faces\IMG_20170411_121835_205_token.jpg GoodImages/Faces\IMG_20170411_121835_205_barcode.dat https://71vnavytwf.execute-api.us-east-1.amazonaws.com/prod 
Sending Code: DL Dep: ATL Flight: 008
Sending Code: DL Dep: ATL Flight: 008
Result: UID = D32UPD-BBK4QNZKQLINTJH0KRP8
Result: lambdaTotalTime = 0.287462869
Result: Result = Match
Result: UID = VGLVMS-7MFO9ATO77P8QV4QO8P0
Result: lambdaTotalTime = 0.287014024
Result: Result = Match
GoodImages/Faces\IMG_20170411_121845_175_token.jpg GoodImages/Faces\IMG_20170411_121845_175_barcode.dat https://71vnavytwf.execute-api.us-east-1.amazonaws.com/prod 
Sending Code: DL Dep: ATL Flight: 016071
Result: lambdaTotalTime = 0.086155019
Result: errorMessage = Dataset not found.
GoodImages/Faces\IMG_20170411_121855_832_token.jpg GoodImages/Faces\IMG_20170411_121855_832_barcode.dat https://71vnavytwf.execute-api.us-east-1.amazonaws.com/prod 
Sending Code: DL Dep: ATL Flight: 008
Result: lambdaTotalTime = 0.454534931
Result: errorMessage = Face tilt is not within threshold. Expected less than 30, actual 36.5187 degrees. 
GoodImages/Faces\IMG_20170411_123737_614_token.jpg GoodImages/Faces\IMG_20170411_123737_614_barcode.dat https://71vnavytwf.execute-api.us-east-1.amazonaws.com/prod 
Sending Code: DL Dep: ATL Flight: 0202
Result: UID = 30024877
Result: lambdaTotalTime = 0.410368623
Result: Result = Match
GoodImages/Faces\IMG_20170411_123746_518_token.jpg GoodImages/Faces\IMG_20170411_123746_518_barcode.dat https://71vnavytwf.execute-api.us-east-1.amazonaws.com/prod 
Sending Code: DL Dep: ATL Flight: 0202
Result: UID = 30024877
Result: lambdaTotalTime = 0.320255759
Result: Result = Match
GoodImages/Faces\IMG_20170411_123754_472_token.jpg GoodImages/Faces\IMG_20170411_123754_472_barcode.dat https://71vnavytwf.execute-api.us-east-1.amazonaws.com/prod 
Sending Code: DL Dep: ATL Flight: 0202
Result: lambdaTotalTime = 0.370832215
Result: Result = No Match
GoodImages/Faces\IMG_20170411_123803_329_token.jpg GoodImages/Faces\IMG_20170411_123803_329_barcode.dat https://71vnavytwf.execute-api.us-east-1.amazonaws.com/prod 
Sending Code: DL Dep: ATL Flight: 0202
Result: lambdaTotalTime = 0.499361314
Result: Result = No Match
GoodImages/Faces\IMG_20170411_123812_298_token.jpg GoodImages/Faces\IMG_20170411_123812_298_barcode.dat https://71vnavytwf.execute-api.us-east-1.amazonaws.com/prod 
Sending Code: DL Dep: ATL Flight: 0202
Result: lambdaTotalTime = 0.368981478
Result: Result = No Match
GoodImages/Faces\IMG_20170411_124200_863_token.jpg GoodImages/Faces\IMG_20170411_124200_863_barcode.dat https://71vnavytwf.execute-api.us-east-1.amazonaws.com/prod 
Sending Code: DL Dep: ATL Flight: 0202
Result: UID = 30024877
Result: lambdaTotalTime = 0.467586963
Result: Result = Match
GoodImages/Faces\IMG_20170411_124209_439_token.jpg GoodImages/Faces\IMG_20170411_124209_439_barcode.dat https://71vnavytwf.execute-api.us-east-1.amazonaws.com/prod 
Sending Code: DL Dep: ATL Flight: 0202
Result: UID = 30024877
Result: lambdaTotalTime = 0.374489533
Result: Result = Match
GoodImages/Faces\IMG_20170411_124217_533_token.jpg GoodImages/Faces\IMG_20170411_124217_533_barcode.dat https://71vnavytwf.execute-api.us-east-1.amazonaws.com/prod 
Sending Code: DL Dep: ATL Flight: 0202
Result: UID = 30024877
Result: lambdaTotalTime = 0.282713082
Result: Result = Match
GoodImages/Faces\IMG_20170411_124740_066_token.jpg GoodImages/Faces\IMG_20170411_124740_066_barcode.dat https://71vnavytwf.execute-api.us-east-1.amazonaws.com/prod 
Sending Code: DL Dep: ATL Flight: 0202
Result: lambdaTotalTime = 0.36700015
Result: Result = No Match
GoodImages/Faces\IMG_20170411_124750_004_token.jpg GoodImages/Faces\IMG_20170411_124750_004_barcode.dat https://71vnavytwf.execute-api.us-east-1.amazonaws.com/prod 
Sending Code: DL Dep: ATL Flight: 0202
Result: lambdaTotalTime = 0.328638786
Result: Result = No Match
GoodImages/Faces\IMG_20170411_124806_548_token.jpg GoodImages/Faces\IMG_20170411_124806_548_barcode.dat https://71vnavytwf.execute-api.us-east-1.amazonaws.com/prod 
Sending Code: DL Dep: ATL Flight: 0202
Result: UID = 30024877
Result: lambdaTotalTime = 0.445981527
Result: Result = Match
GoodImages/Faces\IMG_20170411_124815_702_token.jpg GoodImages/Faces\IMG_20170411_124815_702_barcode.dat https://71vnavytwf.execute-api.us-east-1.amazonaws.com/prod 
Sending Code: DL Dep: ATL Flight: 0202
Result: UID = 30024877
Result: lambdaTotalTime = 0.426729451
Result: Result = Match
GoodImages/Faces\IMG_20170412_113409_697_token.jpg GoodImages/Faces\IMG_20170412_113409_697_barcode.dat https://71vnavytwf.execute-api.us-east-1.amazonaws.com/prod 
Sending Code: DL Dep: ATL Flight: 0234
GoodImages/Faces\IMG_20170412_113424_473_token.jpg GoodImages/Faces\IMG_20170412_113424_473_barcode.dat https://71vnavytwf.execute-api.us-east-1.amazonaws.com/prod 
Sending Code: DL Dep: ATL Flight: 0234
Result: lambdaTotalTime = 5.659444182
Result: errorMessage = Face tilt is not within threshold. Expected less than 30, actual 30.2378 degrees. 
Result: lambdaTotalTime = 6.639637936
Result: Result = No Match
GoodImages/Faces\IMG_20170412_130810_621_token.jpg GoodImages/Faces\IMG_20170412_130810_621_barcode.dat https://71vnavytwf.execute-api.us-east-1.amazonaws.com/prod 
Sending Code: DL Dep: ATL Flight: 044
Result: lambdaTotalTime = 0.315912993
Result: errorMessage = Face is too bright. 
GoodImages/Faces\IMG_20170412_130822_807_token.jpg GoodImages/Faces\IMG_20170412_130822_807_barcode.dat https://71vnavytwf.execute-api.us-east-1.amazonaws.com/prod 
Sending Code: DL Dep: ATL Flight: 0234
Result: lambdaTotalTime = 0.286997412
Result: Result = No Match
GoodImages/Faces\IMG_20170412_130839_555_token.jpg GoodImages/Faces\IMG_20170412_130839_555_barcode.dat https://71vnavytwf.execute-api.us-east-1.amazonaws.com/prod 
GoodImages/Faces\IMG_20170412_130847_971_token.jpg GoodImages/Faces\IMG_20170412_130847_971_barcode.dat https://71vnavytwf.execute-api.us-east-1.amazonaws.com/prod 
Sending Code: DL Dep: ATL Flight: 044
Result: lambdaTotalTime = 0.897163907
Result: Result = No Match
GoodImages/Faces\IMG_20170412_130856_419_token.jpg GoodImages/Faces\IMG_20170412_130856_419_barcode.dat https://71vnavytwf.execute-api.us-east-1.amazonaws.com/prod 
Sending Code: DL Dep: ATL Flight: 044
Result: lambdaTotalTime = 0.267459284
Result: Result = No Match
Sending Code: DL Dep: ATL Flight: 0234
Result: lambdaTotalTime = 0.290212994
Result: errorMessage = Face is too bright. 
GoodImages/Faces\IMG_20170412_130906_311_token.jpg GoodImages/Faces\IMG_20170412_130906_311_barcode.dat https://71vnavytwf.execute-api.us-east-1.amazonaws.com/prod 
Sending Code: DL Dep: ATL Flight: 0234
Result: lambdaTotalTime = 0.377466978
Result: Result = No Match
GoodImages/Faces\IMG_20170412_130922_033_token.jpg GoodImages/Faces\IMG_20170412_130922_033_barcode.dat https://71vnavytwf.execute-api.us-east-1.amazonaws.com/prod 
Sending Code: DL Dep: ATL Flight: 0234
Result: lambdaTotalTime = 0.339293855
Result: Result = No Match
GoodImages/Faces\IMG_20170412_132010_660_token.jpg GoodImages/Faces\IMG_20170412_132010_660_barcode.dat https://71vnavytwf.execute-api.us-east-1.amazonaws.com/prod 
Sending Code: DL Dep: ATL Flight: 0234
Result: lambdaTotalTime = 0.391766316
Result: Result = No Match
GoodImages/Faces\IMG_20170412_132021_784_token.jpg GoodImages/Faces\IMG_20170412_132021_784_barcode.dat https://71vnavytwf.execute-api.us-east-1.amazonaws.com/prod 
Sending Code: DL Dep: ATL Flight: 0234
Result: lambdaTotalTime = 0.291017047
Result: Result = No Match
GoodImages/Faces\IMG_20170412_132030_899_token.jpg GoodImages/Faces\IMG_20170412_132030_899_barcode.dat https://71vnavytwf.execute-api.us-east-1.amazonaws.com/prod 
Sending Code: DL Dep: ATL Flight: 0234
Result: lambdaTotalTime = 0.329758382
Result: Result = No Match
GoodImages/Faces\IMG_20170412_132040_035_token.jpg GoodImages/Faces\IMG_20170412_132040_035_barcode.dat https://71vnavytwf.execute-api.us-east-1.amazonaws.com/prod 
Sending Code: DL Dep: ATL Flight: 0234
Result: lambdaTotalTime = 0.379087169
Result: Result = No Match
GoodImages/Faces\IMG_20170412_132049_285_token.jpg GoodImages/Faces\IMG_20170412_132049_285_barcode.dat https://71vnavytwf.execute-api.us-east-1.amazonaws.com/prod 
Sending Code: DL Dep: ATL Flight: 0234
Result: lambdaTotalTime = 0.402273062
Result: Result = No Match
GoodImages/Faces\IMG_20170412_132550_195_token.jpg GoodImages/Faces\IMG_20170412_132550_195_barcode.dat https://71vnavytwf.execute-api.us-east-1.amazonaws.com/prod 
Sending Code: DL Dep: ATL Flight: 0308
Result: lambdaTotalTime = 0.489026779
Result: Result = No Match
GoodImages/Faces\IMG_20170412_132605_427_token.jpg GoodImages/Faces\IMG_20170412_132605_427_barcode.dat https://71vnavytwf.execute-api.us-east-1.amazonaws.com/prod 
Sending Code: DL Dep: ATL Flight: 0308
Result: lambdaTotalTime = 0.310125367
Result: Result = No Match
GoodImages/Faces\IMG_20170412_132618_373_token.jpg GoodImages/Faces\IMG_20170412_132618_373_barcode.dat https://71vnavytwf.execute-api.us-east-1.amazonaws.com/prod 
Sending Code: DL Dep: ATL Flight: 0308
Result: lambdaTotalTime = 0.388420317
Result: Result = No Match
GoodImages/Faces\IMG_20170412_132630_139_token.jpg GoodImages/Faces\IMG_20170412_132630_139_barcode.dat https://71vnavytwf.execute-api.us-east-1.amazonaws.com/prod 
Sending Code: DL Dep: ATL Flight: 0308
Result: lambdaTotalTime = 0.296158678
Result: Result = No Match
GoodImages/Faces\IMG_20170413_100844_134_token.jpg GoodImages/Faces\IMG_20170413_100844_134_barcode.dat https://71vnavytwf.execute-api.us-east-1.amazonaws.com/prod 
Sending Code: DL Dep: ATL Flight: 0777
GoodImages/Faces\IMG_20170413_105032_169_token.jpg GoodImages/Faces\IMG_20170413_105032_169_barcode.dat https://71vnavytwf.execute-api.us-east-1.amazonaws.com/prod 
Sending Code: DL Dep: ATL Flight: 0121
Result: lambdaTotalTime = 6.604017825
Result: Result = No Match
GoodImages/Faces\IMG_20170413_105236_227_token.jpg GoodImages/Faces\IMG_20170413_105236_227_barcode.dat https://71vnavytwf.execute-api.us-east-1.amazonaws.com/prod 
Sending Code: DL Dep: ATL Flight: 0121
Result: lambdaTotalTime = 0.950935993
Result: Result = No Match
GoodImages/Faces\IMG_20170413_111228_152_token.jpg GoodImages/Faces\IMG_20170413_111228_152_barcode.dat https://71vnavytwf.execute-api.us-east-1.amazonaws.com/prod 
Sending Code: DL Dep: ATL Flight: 0201
Result: lambdaTotalTime = 0.876158685
Result: Result = No Match
GoodImages/Faces\IMG_20170413_123131_992_token.jpg GoodImages/Faces\IMG_20170413_123131_992_barcode.dat https://71vnavytwf.execute-api.us-east-1.amazonaws.com/prod 
Sending Code: DL Dep: ATL Flight: 0201
Result: lambdaTotalTime = 0.56384037
Result: Result = No Match
GoodImages/Faces\IMG_20170413_123151_744_token.jpg GoodImages/Faces\IMG_20170413_123151_744_barcode.dat https://71vnavytwf.execute-api.us-east-1.amazonaws.com/prod 
Sending Code: DL Dep: ATL Flight: 0201
Result: lambdaTotalTime = 0.36194105
Result: Result = No Match
GoodImages/Faces\IMG_20170413_123200_871_token.jpg GoodImages/Faces\IMG_20170413_123200_871_barcode.dat https://71vnavytwf.execute-api.us-east-1.amazonaws.com/prod 
Sending Code: DL Dep: ATL Flight: 0201
Result: lambdaTotalTime = 0.442340704
Result: Result = No Match
GoodImages/Faces\IMG_20170413_123501_970_token.jpg GoodImages/Faces\IMG_20170413_123501_970_barcode.dat https://71vnavytwf.execute-api.us-east-1.amazonaws.com/prod 
Sending Code: DL Dep: ATL Flight: 0201
Result: lambdaTotalTime = 0.677339161
Result: Result = No Match
GoodImages/Faces\IMG_20170413_123512_952_token.jpg GoodImages/Faces\IMG_20170413_123512_952_barcode.dat https://71vnavytwf.execute-api.us-east-1.amazonaws.com/prod 
Sending Code: DL Dep: ATL Flight: 0201
Result: lambdaTotalTime = 0.604200548
Result: Result = No Match
GoodImages/Faces\IMG_20170413_123951_843_token.jpg GoodImages/Faces\IMG_20170413_123951_843_barcode.dat https://71vnavytwf.execute-api.us-east-1.amazonaws.com/prod 
Sending Code: DL Dep: ATL Flight: 0201
Result: lambdaTotalTime = 0.646610017
Result: Result = No Match
GoodImages/Faces\IMG_20170414_122332_946_token.jpg GoodImages/Faces\IMG_20170414_122332_946_barcode.dat https://71vnavytwf.execute-api.us-east-1.amazonaws.com/prod 
Sending Code: DL Dep: ATL Flight: 16071
Result: lambdaTotalTime = 0.347603131
Result: errorMessage = Face tilt is not within threshold. Expected less than 30, actual 34.3301 degrees. 
GoodImages/Faces\IMG_20170414_122429_430_token.jpg GoodImages/Faces\IMG_20170414_122429_430_barcode.dat https://71vnavytwf.execute-api.us-east-1.amazonaws.com/prod 
Sending Code: DL Dep: ATL Flight: 16071
Result: lambdaTotalTime = 0.411853543
Result: Result = No Match
GoodImages/Faces\IMG_20170414_132124_483_token.jpg GoodImages/Faces\IMG_20170414_132124_483_barcode.dat https://71vnavytwf.execute-api.us-east-1.amazonaws.com/prod 
Sending Code: DL Dep: ATL Flight: 0201
Result: lambdaTotalTime = 5.473371091
Result: Result = No Match
GoodImages/Faces\IMG_20170414_132134_468_token.jpg GoodImages/Faces\IMG_20170414_132134_468_barcode.dat https://71vnavytwf.execute-api.us-east-1.amazonaws.com/prod 
Sending Code: DL Dep: ATL Flight: 0201
Result: lambdaTotalTime = 0.947036332
Result: errorMessage = Face is too bright. 
GoodImages/Faces\IMG_20170414_132705_212_token.jpg GoodImages/Faces\IMG_20170414_132705_212_barcode.dat https://71vnavytwf.execute-api.us-east-1.amazonaws.com/prod 
Sending Code: DL Dep: ATL Flight: 0201
Result: lambdaTotalTime = 0.629515381
Result: errorMessage = Face tilt is not within threshold. Expected less than 30, actual 35.5097 degrees. 
GoodImages/Faces\IMG_20170414_132727_240_token.jpg GoodImages/Faces\IMG_20170414_132727_240_barcode.dat https://71vnavytwf.execute-api.us-east-1.amazonaws.com/prod 
Sending Code: DL Dep: ATL Flight: 0201
Result: lambdaTotalTime = 0.592637096
Result: errorMessage = Face pan is not within threshold. Expected less than 26, actual 27.6754 degrees. 
GoodImages/Faces\IMG_20170414_132849_078_token.jpg GoodImages/Faces\IMG_20170414_132849_078_barcode.dat https://71vnavytwf.execute-api.us-east-1.amazonaws.com/prod 
Sending Code: DL Dep: ATL Flight: 0201
Result: UID = NOUID-G2H1ELEB8DFLJCX9LXRQ
Result: lambdaTotalTime = 0.555621907
Result: Result = Match
GoodImages/Faces\IMG_20170414_132857_516_token.jpg GoodImages/Faces\IMG_20170414_132857_516_barcode.dat https://71vnavytwf.execute-api.us-east-1.amazonaws.com/prod 
Sending Code: DL Dep: ATL Flight: 0201
Result: lambdaTotalTime = 0.363862004
Result: errorMessage = Face is too bright. 
GoodImages/Faces\IMG_20170414_132907_763_token.jpg GoodImages/Faces\IMG_20170414_132907_763_barcode.dat https://71vnavytwf.execute-api.us-east-1.amazonaws.com/prod 
Sending Code: DL Dep: ATL Flight: 0201
Result: lambdaTotalTime = 0.341780089
Result: errorMessage = Face is too bright. 
GoodImages/Faces\IMG_20170414_132919_425_token.jpg GoodImages/Faces\IMG_20170414_132919_425_barcode.dat https://71vnavytwf.execute-api.us-east-1.amazonaws.com/prod 
Sending Code: DL Dep: ATL Flight: 0201
Result: UID = JVHG95-O62H0U7T0SJ44MV9URLJ
Result: lambdaTotalTime = 0.395289316
Result: Result = Match
GoodImages/Faces\IMG_20170418_61313_287_token.jpg GoodImages/Faces\IMG_20170418_61313_287_barcode.dat https://71vnavytwf.execute-api.us-east-1.amazonaws.com/prod 
Sending Code: DL Dep: ATL Flight: 0121
Result: lambdaTotalTime = 0.912694273
Result: errorMessage = Dataset not found.
GoodImages/Faces\IMG_20170418_61709_562_token.jpg GoodImages/Faces\IMG_20170418_61709_562_barcode.dat https://71vnavytwf.execute-api.us-east-1.amazonaws.com/prod 
Sending Code: DL Dep: ATL Flight: 444
Result: lambdaTotalTime = 0.270267921
Result: errorMessage = Dataset not found.
GoodImages/Faces\IMG_20170418_62102_879_token.jpg GoodImages/Faces\IMG_20170418_62102_879_barcode.dat https://71vnavytwf.execute-api.us-east-1.amazonaws.com/prod 
Sending Code: DL Dep: ATL Flight: 444
Result: lambdaTotalTime = 0.173162613
Result: errorMessage = Dataset not found.
GoodImages/Faces\IMG_20170418_62526_779_token.jpg GoodImages/Faces\IMG_20170418_62526_779_barcode.dat https://71vnavytwf.execute-api.us-east-1.amazonaws.com/prod 
Sending Code: DL Dep: ATL Flight: 9991
Result: lambdaTotalTime = 0.362431443
Result: errorMessage = Face is too bright. Face pan is not within threshold. Expected less than 26, actual 26.753 degrees. 
GoodImages/Faces\IMG_20170418_101835_723_token.jpg GoodImages/Faces\IMG_20170418_101835_723_barcode.dat https://71vnavytwf.execute-api.us-east-1.amazonaws.com/prod 
GoodImages/Faces\IMG_20170418_101856_342_token.jpg GoodImages/Faces\IMG_20170418_101856_342_barcode.dat https://71vnavytwf.execute-api.us-east-1.amazonaws.com/prod 
GoodImages/Faces\IMG_20170418_101913_696_token.jpg GoodImages/Faces\IMG_20170418_101913_696_barcode.dat https://71vnavytwf.execute-api.us-east-1.amazonaws.com/prod 
GoodImages/Faces\IMG_20170418_120500_024_token.jpg GoodImages/Faces\IMG_20170418_120500_024_barcode.dat https://71vnavytwf.execute-api.us-east-1.amazonaws.com/prod 
Sending Code: DL Dep: ATL Flight: 9991
Result: lambdaTotalTime = 0.153709133
Result: errorMessage = Dataset not found.
GoodImages/Faces\IMG_20170418_121030_898_token.jpg GoodImages/Faces\IMG_20170418_121030_898_barcode.dat https://71vnavytwf.execute-api.us-east-1.amazonaws.com/prod 
Sending Code: DL Dep: ATL Flight: 0121
Result: lambdaTotalTime = 0.17352977
Result: errorMessage = Dataset not found.
GoodImages/Faces\IMG_20170418_121952_649_token.jpg GoodImages/Faces\IMG_20170418_121952_649_barcode.dat https://71vnavytwf.execute-api.us-east-1.amazonaws.com/prod 
Sending Code: DL Dep: ATL Flight: 0121
Result: lambdaTotalTime = 0.144551941
Result: errorMessage = Dataset not found.
GoodImages/Faces\IMG_20170419_85344_338_token.jpg GoodImages/Faces\IMG_20170419_85344_338_barcode.dat https://71vnavytwf.execute-api.us-east-1.amazonaws.com/prod 
GoodImages/Faces\IMG_20170419_85412_410_token.jpg GoodImages/Faces\IMG_20170419_85412_410_barcode.dat https://71vnavytwf.execute-api.us-east-1.amazonaws.com/prod 
GoodImages/Faces\IMG_20170419_85425_872_token.jpg GoodImages/Faces\IMG_20170419_85425_872_barcode.dat https://71vnavytwf.execute-api.us-east-1.amazonaws.com/prod 
Sending Code: DL Dep: ATL Flight: 0254
Result: lambdaTotalTime = 4.602466603
Result: errorMessage = Dataset not found.
GoodImages/Faces\IMG_20170419_85455_476_token.jpg GoodImages/Faces\IMG_20170419_85455_476_barcode.dat https://71vnavytwf.execute-api.us-east-1.amazonaws.com/prod 
Sending Code: DL Dep: ATL Flight: 0254
Result: lambdaTotalTime = 0.366991423
Result: errorMessage = Dataset not found.
GoodImages/Faces\IMG_20170419_90200_990_token.jpg GoodImages/Faces\IMG_20170419_90200_990_barcode.dat https://71vnavytwf.execute-api.us-east-1.amazonaws.com/prod 
Sending Code: DL Dep: ATL Flight: 0121
Result: lambdaTotalTime = 0.471694253
Result: errorMessage = Dataset not found.
GoodImages/Faces\IMG_20170419_90328_682_token.jpg GoodImages/Faces\IMG_20170419_90328_682_barcode.dat https://71vnavytwf.execute-api.us-east-1.amazonaws.com/prod 
Sending Code: DL Dep: ATL Flight: 0123
Result: lambdaTotalTime = 0.455655761
Result: errorMessage = Dataset not found.
GoodImages/Faces\IMG_20170420_142018_114_token.jpg GoodImages/Faces\IMG_20170420_142018_114_barcode.dat https://71vnavytwf.execute-api.us-east-1.amazonaws.com/prod 
Sending Code: DL Dep: AUS Flight: 7089

Result: lambdaTotalTime = 0.260897894
Result: errorMessage = Illegal character in path at index 104: http://dev-aimesc-elb-2056383514.us-east-1.elb.amazonaws.com:8080/aimes/v1/datasets/imagegallery-DL-7089
-AUS-20170420/persons
GoodImages/Faces\IMG_20170420_142027_952_token.jpg GoodImages/Faces\IMG_20170420_142027_952_barcode.dat https://71vnavytwf.execute-api.us-east-1.amazonaws.com/prod 
Sending Code: DL Dep: ATL Flight: 7089

Result: lambdaTotalTime = 0.265434024
Result: errorMessage = Illegal character in path at index 104: http://dev-aimesc-elb-2056383514.us-east-1.elb.amazonaws.com:8080/aimes/v1/datasets/imagegallery-DL-7089
-ATL-20170420/persons
GoodImages/Faces\IMG_20170420_142036_873_token.jpg GoodImages/Faces\IMG_20170420_142036_873_barcode.dat https://71vnavytwf.execute-api.us-east-1.amazonaws.com/prod 
Sending Code: DL Dep: ATL Flight: 7089094C003A0005
Result: lambdaTotalTime = 0.274444356
Result: errorMessage = Unexpected Error, Invalid Response
GoodImages/Faces\IMG_20170420_150008_969_token.jpg GoodImages/Faces\IMG_20170420_150008_969_barcode.dat https://71vnavytwf.execute-api.us-east-1.amazonaws.com/prod 
Sending Code: DL Dep: ATL Flight: 0555
Result: lambdaTotalTime = 0.392627441
Result: errorMessage = Unexpected Error, Invalid Response
